#
# There is insufficient memory for the Java Runtime Environment to continue.
# Native memory allocation (malloc) failed to allocate 32744 bytes for ChunkPool::allocate
# Possible reasons:
#   The system is out of physical RAM or swap space
#   The process is running with CompressedOops enabled, and the Java Heap may be blocking the growth of the native heap
# Possible solutions:
#   Reduce memory load on the system
#   Increase physical memory or swap space
#   Check if swap backing store is full
#   Decrease Java heap size (-Xmx/-Xms)
#   Decrease number of Java threads
#   Decrease Java thread stack sizes (-Xss)
#   Set larger code cache with -XX:ReservedCodeCacheSize=
#   JVM is running with Unscaled Compressed Oops mode in which the Java heap is
#     placed in the first 4GB address space. The Java Heap base address is the
#     maximum limit for the native heap growth. Please use -XX:HeapBaseMinAddress
#     to set the Java Heap base and to place the Java Heap above 4GB virtual address.
# This output file may be truncated or incomplete.
#
#  Out of Memory Error (arena.cpp:78), pid=20012, tid=20496
#
# JRE version: OpenJDK Runtime Environment Temurin-17.0.5+8 (17.0.5+8) (build 17.0.5+8)
# Java VM: OpenJDK 64-Bit Server VM Temurin-17.0.5+8 (17.0.5+8, mixed mode, tiered, compressed oops, compressed class ptrs, g1 gc, windows-amd64)
# No core dump will be written. Minidumps are not enabled by default on client versions of Windows
#

---------------  S U M M A R Y ------------

Command Line: -XX:+ShowCodeDetailsInExceptionMessages -agentlib:jdwp=transport=dt_socket,suspend=y,address=localhost:53849 -ea -javaagent:C:\Users\DELL\eclipse\java-2022-12\eclipse\configuration\org.eclipse.osgi\227\0\.cp\lib\javaagent-shaded.jar -Dfile.encoding=UTF-8 org.eclipse.jdt.internal.junit.runner.RemoteTestRunner -version 3 -port 53845 -testLoaderClass org.eclipse.jdt.internal.junit4.runner.JUnit4TestLoader -loaderpluginname org.eclipse.jdt.junit4.runtime -classNames runner.TestRunner

Host: 11th Gen Intel(R) Core(TM) i5-11320H @ 3.20GHz, 8 cores, 7G,  Windows 11 , 64 bit Build 22621 (10.0.22621.3085)
Time: Thu Mar 21 22:42:06 2024 India Standard Time elapsed time: 0.993967 seconds (0d 0h 0m 0s)

---------------  T H R E A D  ---------------

Current thread (0x0000019fb7518530):  JavaThread "main" [_thread_in_vm, id=20496, stack(0x00000009d3800000,0x00000009d3900000)]

Stack: [0x00000009d3800000,0x00000009d3900000]
Native frames: (J=compiled Java code, j=interpreted, Vv=VM code, C=native code)
V  [jvm.dll+0x676b3a]
V  [jvm.dll+0x831444]
V  [jvm.dll+0x832bee]
V  [jvm.dll+0x833253]
V  [jvm.dll+0x244ce5]
V  [jvm.dll+0xabdcc]
V  [jvm.dll+0xac17c]
V  [jvm.dll+0x81f619]
V  [jvm.dll+0x36f5cc]
V  [jvm.dll+0x36e7d2]
V  [jvm.dll+0x36e778]
V  [jvm.dll+0x37e59a]
C  0x0000019fbc4076ee

Java frames: (J=compiled Java code, j=interpreted, Vv=VM code)
j  org.junit.internal.builders.AllDefaultPossibilitiesBuilder.ignoredBuilder()Lorg/junit/internal/builders/IgnoredBuilder;+0
j  org.junit.internal.builders.AllDefaultPossibilitiesBuilder.runnerForClass(Ljava/lang/Class;)Lorg/junit/runner/Runner;+7
j  org.junit.runners.model.RunnerBuilder.safeRunnerForClass(Ljava/lang/Class;)Lorg/junit/runner/Runner;+2
j  org.junit.internal.requests.ClassRequest.createRunner()Lorg/junit/runner/Runner;+13
j  org.junit.internal.requests.MemoizingRequest.getRunner()Lorg/junit/runner/Runner;+25
j  org.eclipse.jdt.internal.junit4.runner.JUnit4TestLoader.createUnfilteredTest(Ljava/lang/Class;[Ljava/lang/String;)Lorg/eclipse/jdt/internal/junit/runner/ITestReference;+11
j  org.eclipse.jdt.internal.junit4.runner.JUnit4TestLoader.createTest(Ljava/lang/Class;Ljava/lang/String;[Ljava/lang/String;Lorg/eclipse/jdt/internal/junit/runner/RemoteTestRunner;)Lorg/eclipse/jdt/internal/junit/runner/ITestReference;+64
j  org.eclipse.jdt.internal.junit4.runner.JUnit4TestLoader.loadTests([Ljava/lang/Class;Ljava/lang/String;[Ljava/lang/String;[Ljava/lang/String;[[Ljava/lang/String;Ljava/lang/String;Lorg/eclipse/jdt/internal/junit/runner/RemoteTestRunner;)[Lorg/eclipse/jdt/internal/junit/runner/ITestReference;+26
j  org.eclipse.jdt.internal.junit.runner.RemoteTestRunner.runTests([Ljava/lang/String;Ljava/lang/String;Lorg/eclipse/jdt/internal/junit/runner/TestExecution;)V+27
j  org.eclipse.jdt.internal.junit.runner.RemoteTestRunner.runTests(Lorg/eclipse/jdt/internal/junit/runner/TestExecution;)V+10
j  org.eclipse.jdt.internal.junit.runner.RemoteTestRunner.run()V+70
j  org.eclipse.jdt.internal.junit.runner.RemoteTestRunner.main([Ljava/lang/String;)V+14
v  ~StubRoutines::call_stub

---------------  P R O C E S S  ---------------

Threads class SMR info:
_java_thread_list=0x0000019fd483b730, length=16, elements={
0x0000019fb7518530, 0x0000019fd2c96f60, 0x0000019fd3c3c010, 0x0000019fd3c5d040,
0x0000019fd3c5d900, 0x0000019fd3c63670, 0x0000019fd3c614c0, 0x0000019fd3c752f0,
0x0000019fd3c760b0, 0x0000019fd3c88ea0, 0x0000019fd3c62330, 0x0000019fd3f17450,
0x0000019fd3f1d360, 0x0000019fd3eb5aa0, 0x0000019fd3c60ff0, 0x0000019fd3c63b40
}

Java Threads: ( => current thread )
=>0x0000019fb7518530 JavaThread "main" [_thread_in_vm, id=20496, stack(0x00000009d3800000,0x00000009d3900000)]
  0x0000019fd2c96f60 JavaThread "Reference Handler" daemon [_thread_blocked, id=20880, stack(0x00000009d3f00000,0x00000009d4000000)]
  0x0000019fd3c3c010 JavaThread "Finalizer" daemon [_thread_blocked, id=29856, stack(0x00000009d4000000,0x00000009d4100000)]
  0x0000019fd3c5d040 JavaThread "Signal Dispatcher" daemon [_thread_blocked, id=5172, stack(0x00000009d4100000,0x00000009d4200000)]
  0x0000019fd3c5d900 JavaThread "Attach Listener" daemon [_thread_blocked, id=27288, stack(0x00000009d4200000,0x00000009d4300000)]
  0x0000019fd3c63670 JavaThread "Service Thread" daemon [_thread_blocked, id=22316, stack(0x00000009d4300000,0x00000009d4400000)]
  0x0000019fd3c614c0 JavaThread "Monitor Deflation Thread" daemon [_thread_blocked, id=31544, stack(0x00000009d4400000,0x00000009d4500000)]
  0x0000019fd3c752f0 JavaThread "C2 CompilerThread0" daemon [_thread_in_native, id=13912, stack(0x00000009d4500000,0x00000009d4600000)]
  0x0000019fd3c760b0 JavaThread "C1 CompilerThread0" daemon [_thread_in_native, id=19704, stack(0x00000009d4600000,0x00000009d4700000)]
  0x0000019fd3c88ea0 JavaThread "Sweeper thread" daemon [_thread_blocked, id=21512, stack(0x00000009d4700000,0x00000009d4800000)]
  0x0000019fd3c62330 JavaThread "Common-Cleaner" daemon [_thread_blocked, id=22620, stack(0x00000009d4800000,0x00000009d4900000)]
  0x0000019fd3f17450 JavaThread "JDWP Transport Listener: dt_socket" daemon [_thread_blocked, id=28888, stack(0x00000009d4900000,0x00000009d4a00000)]
  0x0000019fd3f1d360 JavaThread "JDWP Event Helper Thread" daemon [_thread_blocked, id=3504, stack(0x00000009d4a00000,0x00000009d4b00000)]
  0x0000019fd3eb5aa0 JavaThread "JDWP Command Reader" daemon [_thread_in_native, id=29772, stack(0x00000009d4b00000,0x00000009d4c00000)]
  0x0000019fd3c60ff0 JavaThread "Notification Thread" daemon [_thread_blocked, id=7844, stack(0x00000009d4c00000,0x00000009d4d00000)]
  0x0000019fd3c63b40 JavaThread "ReaderThread" [_thread_in_native, id=24760, stack(0x00000009d4e00000,0x00000009d4f00000)]

Other Threads:
  0x0000019fd3c17350 VMThread "VM Thread" [stack: 0x00000009d3e00000,0x00000009d3f00000] [id=30184]
  0x0000019fd43adc80 WatcherThread [stack: 0x00000009d4d00000,0x00000009d4e00000] [id=31400]
  0x0000019fb7573930 GCTaskThread "GC Thread#0" [stack: 0x00000009d3900000,0x00000009d3a00000] [id=32256]
  0x0000019fb7584070 ConcurrentGCThread "G1 Main Marker" [stack: 0x00000009d3a00000,0x00000009d3b00000] [id=31420]
  0x0000019fb7585220 ConcurrentGCThread "G1 Conc#0" [stack: 0x00000009d3b00000,0x00000009d3c00000] [id=24520]
  0x0000019fb75cec60 ConcurrentGCThread "G1 Refine#0" [stack: 0x00000009d3c00000,0x00000009d3d00000] [id=17600]
  0x0000019fd2af5a10 ConcurrentGCThread "G1 Service" [stack: 0x00000009d3d00000,0x00000009d3e00000] [id=14612]

Threads with active compile tasks:
C2 CompilerThread0     1030  697       4       org.eclipse.jdt.launching.internal.org.objectweb.asm.ClassReader::readUtf (161 bytes)
C1 CompilerThread0     1030  703       3       java.net.URLStreamHandler::parseURL (1201 bytes)

VM state: not at safepoint (normal execution)

VM Mutex/Monitor currently owned by a thread: None

Heap address: 0x0000000084000000, size: 1984 MB, Compressed Oops mode: 32-bit

CDS archive(s) not mapped
Compressed class space mapped at: 0x0000000100000000-0x0000000140000000, reserved size: 1073741824
Narrow klass base: 0x0000000000000000, Narrow klass shift: 3, Narrow klass range: 0x140000000

GC Precious Log:
 CPUs: 8 total, 8 available
 Memory: 7930M
 Large Page Support: Disabled
 NUMA Support: Disabled
 Compressed Oops: Enabled (32-bit)
 Heap Region Size: 1M
 Heap Min Capacity: 8M
 Heap Initial Capacity: 124M
 Heap Max Capacity: 1984M
 Pre-touch: Disabled
 Parallel Workers: 8
 Concurrent Workers: 2
 Concurrent Refinement Workers: 8
 Periodic GC: Disabled

Heap:
 garbage-first heap   total 126976K, used 10240K [0x0000000084000000, 0x0000000100000000)
  region size 1024K, 12 young (12288K), 0 survivors (0K)
 Metaspace       used 10905K, committed 11072K, reserved 1064960K
  class space    used 948K, committed 1024K, reserved 1048576K

Heap Regions: E=young(eden), S=young(survivor), O=old, HS=humongous(starts), HC=humongous(continues), CS=collection set, F=free, OA=open archive, CA=closed archive, TAMS=top-at-mark-start (previous, next)
|   0|0x0000000084000000, 0x0000000084000000, 0x0000000084100000|  0%| F|  |TAMS 0x0000000084000000, 0x0000000084000000| Untracked 
|   1|0x0000000084100000, 0x0000000084100000, 0x0000000084200000|  0%| F|  |TAMS 0x0000000084100000, 0x0000000084100000| Untracked 
|   2|0x0000000084200000, 0x0000000084200000, 0x0000000084300000|  0%| F|  |TAMS 0x0000000084200000, 0x0000000084200000| Untracked 
|   3|0x0000000084300000, 0x0000000084300000, 0x0000000084400000|  0%| F|  |TAMS 0x0000000084300000, 0x0000000084300000| Untracked 
|   4|0x0000000084400000, 0x0000000084400000, 0x0000000084500000|  0%| F|  |TAMS 0x0000000084400000, 0x0000000084400000| Untracked 
|   5|0x0000000084500000, 0x0000000084500000, 0x0000000084600000|  0%| F|  |TAMS 0x0000000084500000, 0x0000000084500000| Untracked 
|   6|0x0000000084600000, 0x0000000084600000, 0x0000000084700000|  0%| F|  |TAMS 0x0000000084600000, 0x0000000084600000| Untracked 
|   7|0x0000000084700000, 0x0000000084700000, 0x0000000084800000|  0%| F|  |TAMS 0x0000000084700000, 0x0000000084700000| Untracked 
|   8|0x0000000084800000, 0x0000000084800000, 0x0000000084900000|  0%| F|  |TAMS 0x0000000084800000, 0x0000000084800000| Untracked 
|   9|0x0000000084900000, 0x0000000084900000, 0x0000000084a00000|  0%| F|  |TAMS 0x0000000084900000, 0x0000000084900000| Untracked 
|  10|0x0000000084a00000, 0x0000000084a00000, 0x0000000084b00000|  0%| F|  |TAMS 0x0000000084a00000, 0x0000000084a00000| Untracked 
|  11|0x0000000084b00000, 0x0000000084b00000, 0x0000000084c00000|  0%| F|  |TAMS 0x0000000084b00000, 0x0000000084b00000| Untracked 
|  12|0x0000000084c00000, 0x0000000084c00000, 0x0000000084d00000|  0%| F|  |TAMS 0x0000000084c00000, 0x0000000084c00000| Untracked 
|  13|0x0000000084d00000, 0x0000000084d00000, 0x0000000084e00000|  0%| F|  |TAMS 0x0000000084d00000, 0x0000000084d00000| Untracked 
|  14|0x0000000084e00000, 0x0000000084e00000, 0x0000000084f00000|  0%| F|  |TAMS 0x0000000084e00000, 0x0000000084e00000| Untracked 
|  15|0x0000000084f00000, 0x0000000084f00000, 0x0000000085000000|  0%| F|  |TAMS 0x0000000084f00000, 0x0000000084f00000| Untracked 
|  16|0x0000000085000000, 0x0000000085000000, 0x0000000085100000|  0%| F|  |TAMS 0x0000000085000000, 0x0000000085000000| Untracked 
|  17|0x0000000085100000, 0x0000000085100000, 0x0000000085200000|  0%| F|  |TAMS 0x0000000085100000, 0x0000000085100000| Untracked 
|  18|0x0000000085200000, 0x0000000085200000, 0x0000000085300000|  0%| F|  |TAMS 0x0000000085200000, 0x0000000085200000| Untracked 
|  19|0x0000000085300000, 0x0000000085300000, 0x0000000085400000|  0%| F|  |TAMS 0x0000000085300000, 0x0000000085300000| Untracked 
|  20|0x0000000085400000, 0x0000000085400000, 0x0000000085500000|  0%| F|  |TAMS 0x0000000085400000, 0x0000000085400000| Untracked 
|  21|0x0000000085500000, 0x0000000085500000, 0x0000000085600000|  0%| F|  |TAMS 0x0000000085500000, 0x0000000085500000| Untracked 
|  22|0x0000000085600000, 0x0000000085600000, 0x0000000085700000|  0%| F|  |TAMS 0x0000000085600000, 0x0000000085600000| Untracked 
|  23|0x0000000085700000, 0x0000000085700000, 0x0000000085800000|  0%| F|  |TAMS 0x0000000085700000, 0x0000000085700000| Untracked 
|  24|0x0000000085800000, 0x0000000085800000, 0x0000000085900000|  0%| F|  |TAMS 0x0000000085800000, 0x0000000085800000| Untracked 
|  25|0x0000000085900000, 0x0000000085900000, 0x0000000085a00000|  0%| F|  |TAMS 0x0000000085900000, 0x0000000085900000| Untracked 
|  26|0x0000000085a00000, 0x0000000085a00000, 0x0000000085b00000|  0%| F|  |TAMS 0x0000000085a00000, 0x0000000085a00000| Untracked 
|  27|0x0000000085b00000, 0x0000000085b00000, 0x0000000085c00000|  0%| F|  |TAMS 0x0000000085b00000, 0x0000000085b00000| Untracked 
|  28|0x0000000085c00000, 0x0000000085c00000, 0x0000000085d00000|  0%| F|  |TAMS 0x0000000085c00000, 0x0000000085c00000| Untracked 
|  29|0x0000000085d00000, 0x0000000085d00000, 0x0000000085e00000|  0%| F|  |TAMS 0x0000000085d00000, 0x0000000085d00000| Untracked 
|  30|0x0000000085e00000, 0x0000000085e00000, 0x0000000085f00000|  0%| F|  |TAMS 0x0000000085e00000, 0x0000000085e00000| Untracked 
|  31|0x0000000085f00000, 0x0000000085f00000, 0x0000000086000000|  0%| F|  |TAMS 0x0000000085f00000, 0x0000000085f00000| Untracked 
|  32|0x0000000086000000, 0x0000000086000000, 0x0000000086100000|  0%| F|  |TAMS 0x0000000086000000, 0x0000000086000000| Untracked 
|  33|0x0000000086100000, 0x0000000086100000, 0x0000000086200000|  0%| F|  |TAMS 0x0000000086100000, 0x0000000086100000| Untracked 
|  34|0x0000000086200000, 0x0000000086200000, 0x0000000086300000|  0%| F|  |TAMS 0x0000000086200000, 0x0000000086200000| Untracked 
|  35|0x0000000086300000, 0x0000000086300000, 0x0000000086400000|  0%| F|  |TAMS 0x0000000086300000, 0x0000000086300000| Untracked 
|  36|0x0000000086400000, 0x0000000086400000, 0x0000000086500000|  0%| F|  |TAMS 0x0000000086400000, 0x0000000086400000| Untracked 
|  37|0x0000000086500000, 0x0000000086500000, 0x0000000086600000|  0%| F|  |TAMS 0x0000000086500000, 0x0000000086500000| Untracked 
|  38|0x0000000086600000, 0x0000000086600000, 0x0000000086700000|  0%| F|  |TAMS 0x0000000086600000, 0x0000000086600000| Untracked 
|  39|0x0000000086700000, 0x0000000086700000, 0x0000000086800000|  0%| F|  |TAMS 0x0000000086700000, 0x0000000086700000| Untracked 
|  40|0x0000000086800000, 0x0000000086800000, 0x0000000086900000|  0%| F|  |TAMS 0x0000000086800000, 0x0000000086800000| Untracked 
|  41|0x0000000086900000, 0x0000000086900000, 0x0000000086a00000|  0%| F|  |TAMS 0x0000000086900000, 0x0000000086900000| Untracked 
|  42|0x0000000086a00000, 0x0000000086a00000, 0x0000000086b00000|  0%| F|  |TAMS 0x0000000086a00000, 0x0000000086a00000| Untracked 
|  43|0x0000000086b00000, 0x0000000086b00000, 0x0000000086c00000|  0%| F|  |TAMS 0x0000000086b00000, 0x0000000086b00000| Untracked 
|  44|0x0000000086c00000, 0x0000000086c00000, 0x0000000086d00000|  0%| F|  |TAMS 0x0000000086c00000, 0x0000000086c00000| Untracked 
|  45|0x0000000086d00000, 0x0000000086d00000, 0x0000000086e00000|  0%| F|  |TAMS 0x0000000086d00000, 0x0000000086d00000| Untracked 
|  46|0x0000000086e00000, 0x0000000086e00000, 0x0000000086f00000|  0%| F|  |TAMS 0x0000000086e00000, 0x0000000086e00000| Untracked 
|  47|0x0000000086f00000, 0x0000000086f00000, 0x0000000087000000|  0%| F|  |TAMS 0x0000000086f00000, 0x0000000086f00000| Untracked 
|  48|0x0000000087000000, 0x0000000087000000, 0x0000000087100000|  0%| F|  |TAMS 0x0000000087000000, 0x0000000087000000| Untracked 
|  49|0x0000000087100000, 0x0000000087100000, 0x0000000087200000|  0%| F|  |TAMS 0x0000000087100000, 0x0000000087100000| Untracked 
|  50|0x0000000087200000, 0x0000000087200000, 0x0000000087300000|  0%| F|  |TAMS 0x0000000087200000, 0x0000000087200000| Untracked 
|  51|0x0000000087300000, 0x0000000087300000, 0x0000000087400000|  0%| F|  |TAMS 0x0000000087300000, 0x0000000087300000| Untracked 
|  52|0x0000000087400000, 0x0000000087400000, 0x0000000087500000|  0%| F|  |TAMS 0x0000000087400000, 0x0000000087400000| Untracked 
|  53|0x0000000087500000, 0x0000000087500000, 0x0000000087600000|  0%| F|  |TAMS 0x0000000087500000, 0x0000000087500000| Untracked 
|  54|0x0000000087600000, 0x0000000087600000, 0x0000000087700000|  0%| F|  |TAMS 0x0000000087600000, 0x0000000087600000| Untracked 
|  55|0x0000000087700000, 0x0000000087700000, 0x0000000087800000|  0%| F|  |TAMS 0x0000000087700000, 0x0000000087700000| Untracked 
|  56|0x0000000087800000, 0x0000000087800000, 0x0000000087900000|  0%| F|  |TAMS 0x0000000087800000, 0x0000000087800000| Untracked 
|  57|0x0000000087900000, 0x0000000087900000, 0x0000000087a00000|  0%| F|  |TAMS 0x0000000087900000, 0x0000000087900000| Untracked 
|  58|0x0000000087a00000, 0x0000000087a00000, 0x0000000087b00000|  0%| F|  |TAMS 0x0000000087a00000, 0x0000000087a00000| Untracked 
|  59|0x0000000087b00000, 0x0000000087b00000, 0x0000000087c00000|  0%| F|  |TAMS 0x0000000087b00000, 0x0000000087b00000| Untracked 
|  60|0x0000000087c00000, 0x0000000087c00000, 0x0000000087d00000|  0%| F|  |TAMS 0x0000000087c00000, 0x0000000087c00000| Untracked 
|  61|0x0000000087d00000, 0x0000000087d00000, 0x0000000087e00000|  0%| F|  |TAMS 0x0000000087d00000, 0x0000000087d00000| Untracked 
|  62|0x0000000087e00000, 0x0000000087e00000, 0x0000000087f00000|  0%| F|  |TAMS 0x0000000087e00000, 0x0000000087e00000| Untracked 
|  63|0x0000000087f00000, 0x0000000087f00000, 0x0000000088000000|  0%| F|  |TAMS 0x0000000087f00000, 0x0000000087f00000| Untracked 
|  64|0x0000000088000000, 0x0000000088000000, 0x0000000088100000|  0%| F|  |TAMS 0x0000000088000000, 0x0000000088000000| Untracked 
|  65|0x0000000088100000, 0x0000000088100000, 0x0000000088200000|  0%| F|  |TAMS 0x0000000088100000, 0x0000000088100000| Untracked 
|  66|0x0000000088200000, 0x0000000088200000, 0x0000000088300000|  0%| F|  |TAMS 0x0000000088200000, 0x0000000088200000| Untracked 
|  67|0x0000000088300000, 0x0000000088300000, 0x0000000088400000|  0%| F|  |TAMS 0x0000000088300000, 0x0000000088300000| Untracked 
|  68|0x0000000088400000, 0x0000000088400000, 0x0000000088500000|  0%| F|  |TAMS 0x0000000088400000, 0x0000000088400000| Untracked 
|  69|0x0000000088500000, 0x0000000088500000, 0x0000000088600000|  0%| F|  |TAMS 0x0000000088500000, 0x0000000088500000| Untracked 
|  70|0x0000000088600000, 0x0000000088600000, 0x0000000088700000|  0%| F|  |TAMS 0x0000000088600000, 0x0000000088600000| Untracked 
|  71|0x0000000088700000, 0x0000000088700000, 0x0000000088800000|  0%| F|  |TAMS 0x0000000088700000, 0x0000000088700000| Untracked 
|  72|0x0000000088800000, 0x0000000088800000, 0x0000000088900000|  0%| F|  |TAMS 0x0000000088800000, 0x0000000088800000| Untracked 
|  73|0x0000000088900000, 0x0000000088900000, 0x0000000088a00000|  0%| F|  |TAMS 0x0000000088900000, 0x0000000088900000| Untracked 
|  74|0x0000000088a00000, 0x0000000088a00000, 0x0000000088b00000|  0%| F|  |TAMS 0x0000000088a00000, 0x0000000088a00000| Untracked 
|  75|0x0000000088b00000, 0x0000000088b00000, 0x0000000088c00000|  0%| F|  |TAMS 0x0000000088b00000, 0x0000000088b00000| Untracked 
|  76|0x0000000088c00000, 0x0000000088c00000, 0x0000000088d00000|  0%| F|  |TAMS 0x0000000088c00000, 0x0000000088c00000| Untracked 
|  77|0x0000000088d00000, 0x0000000088d00000, 0x0000000088e00000|  0%| F|  |TAMS 0x0000000088d00000, 0x0000000088d00000| Untracked 
|  78|0x0000000088e00000, 0x0000000088e00000, 0x0000000088f00000|  0%| F|  |TAMS 0x0000000088e00000, 0x0000000088e00000| Untracked 
|  79|0x0000000088f00000, 0x0000000088f00000, 0x0000000089000000|  0%| F|  |TAMS 0x0000000088f00000, 0x0000000088f00000| Untracked 
|  80|0x0000000089000000, 0x0000000089000000, 0x0000000089100000|  0%| F|  |TAMS 0x0000000089000000, 0x0000000089000000| Untracked 
|  81|0x0000000089100000, 0x0000000089100000, 0x0000000089200000|  0%| F|  |TAMS 0x0000000089100000, 0x0000000089100000| Untracked 
|  82|0x0000000089200000, 0x0000000089200000, 0x0000000089300000|  0%| F|  |TAMS 0x0000000089200000, 0x0000000089200000| Untracked 
|  83|0x0000000089300000, 0x0000000089300000, 0x0000000089400000|  0%| F|  |TAMS 0x0000000089300000, 0x0000000089300000| Untracked 
|  84|0x0000000089400000, 0x0000000089400000, 0x0000000089500000|  0%| F|  |TAMS 0x0000000089400000, 0x0000000089400000| Untracked 
|  85|0x0000000089500000, 0x0000000089500000, 0x0000000089600000|  0%| F|  |TAMS 0x0000000089500000, 0x0000000089500000| Untracked 
|  86|0x0000000089600000, 0x0000000089600000, 0x0000000089700000|  0%| F|  |TAMS 0x0000000089600000, 0x0000000089600000| Untracked 
|  87|0x0000000089700000, 0x0000000089700000, 0x0000000089800000|  0%| F|  |TAMS 0x0000000089700000, 0x0000000089700000| Untracked 
|  88|0x0000000089800000, 0x0000000089800000, 0x0000000089900000|  0%| F|  |TAMS 0x0000000089800000, 0x0000000089800000| Untracked 
|  89|0x0000000089900000, 0x0000000089900000, 0x0000000089a00000|  0%| F|  |TAMS 0x0000000089900000, 0x0000000089900000| Untracked 
|  90|0x0000000089a00000, 0x0000000089a00000, 0x0000000089b00000|  0%| F|  |TAMS 0x0000000089a00000, 0x0000000089a00000| Untracked 
|  91|0x0000000089b00000, 0x0000000089b00000, 0x0000000089c00000|  0%| F|  |TAMS 0x0000000089b00000, 0x0000000089b00000| Untracked 
|  92|0x0000000089c00000, 0x0000000089c00000, 0x0000000089d00000|  0%| F|  |TAMS 0x0000000089c00000, 0x0000000089c00000| Untracked 
|  93|0x0000000089d00000, 0x0000000089d00000, 0x0000000089e00000|  0%| F|  |TAMS 0x0000000089d00000, 0x0000000089d00000| Untracked 
|  94|0x0000000089e00000, 0x0000000089e00000, 0x0000000089f00000|  0%| F|  |TAMS 0x0000000089e00000, 0x0000000089e00000| Untracked 
|  95|0x0000000089f00000, 0x0000000089f00000, 0x000000008a000000|  0%| F|  |TAMS 0x0000000089f00000, 0x0000000089f00000| Untracked 
|  96|0x000000008a000000, 0x000000008a000000, 0x000000008a100000|  0%| F|  |TAMS 0x000000008a000000, 0x000000008a000000| Untracked 
|  97|0x000000008a100000, 0x000000008a100000, 0x000000008a200000|  0%| F|  |TAMS 0x000000008a100000, 0x000000008a100000| Untracked 
|  98|0x000000008a200000, 0x000000008a200000, 0x000000008a300000|  0%| F|  |TAMS 0x000000008a200000, 0x000000008a200000| Untracked 
|  99|0x000000008a300000, 0x000000008a300000, 0x000000008a400000|  0%| F|  |TAMS 0x000000008a300000, 0x000000008a300000| Untracked 
| 100|0x000000008a400000, 0x000000008a400000, 0x000000008a500000|  0%| F|  |TAMS 0x000000008a400000, 0x000000008a400000| Untracked 
| 101|0x000000008a500000, 0x000000008a500000, 0x000000008a600000|  0%| F|  |TAMS 0x000000008a500000, 0x000000008a500000| Untracked 
| 102|0x000000008a600000, 0x000000008a600000, 0x000000008a700000|  0%| F|  |TAMS 0x000000008a600000, 0x000000008a600000| Untracked 
| 103|0x000000008a700000, 0x000000008a700000, 0x000000008a800000|  0%| F|  |TAMS 0x000000008a700000, 0x000000008a700000| Untracked 
| 104|0x000000008a800000, 0x000000008a800000, 0x000000008a900000|  0%| F|  |TAMS 0x000000008a800000, 0x000000008a800000| Untracked 
| 105|0x000000008a900000, 0x000000008a900000, 0x000000008aa00000|  0%| F|  |TAMS 0x000000008a900000, 0x000000008a900000| Untracked 
| 106|0x000000008aa00000, 0x000000008aa00000, 0x000000008ab00000|  0%| F|  |TAMS 0x000000008aa00000, 0x000000008aa00000| Untracked 
| 107|0x000000008ab00000, 0x000000008ab00000, 0x000000008ac00000|  0%| F|  |TAMS 0x000000008ab00000, 0x000000008ab00000| Untracked 
| 108|0x000000008ac00000, 0x000000008ac00000, 0x000000008ad00000|  0%| F|  |TAMS 0x000000008ac00000, 0x000000008ac00000| Untracked 
| 109|0x000000008ad00000, 0x000000008ad00000, 0x000000008ae00000|  0%| F|  |TAMS 0x000000008ad00000, 0x000000008ad00000| Untracked 
| 110|0x000000008ae00000, 0x000000008ae00000, 0x000000008af00000|  0%| F|  |TAMS 0x000000008ae00000, 0x000000008ae00000| Untracked 
| 111|0x000000008af00000, 0x000000008af00000, 0x000000008b000000|  0%| F|  |TAMS 0x000000008af00000, 0x000000008af00000| Untracked 
| 112|0x000000008b000000, 0x000000008b076d78, 0x000000008b100000| 46%| E|  |TAMS 0x000000008b000000, 0x000000008b000000| Complete 
| 113|0x000000008b100000, 0x000000008b200000, 0x000000008b200000|100%| E|CS|TAMS 0x000000008b100000, 0x000000008b100000| Complete 
| 114|0x000000008b200000, 0x000000008b300000, 0x000000008b300000|100%| E|CS|TAMS 0x000000008b200000, 0x000000008b200000| Complete 
| 115|0x000000008b300000, 0x000000008b400000, 0x000000008b400000|100%| E|  |TAMS 0x000000008b300000, 0x000000008b300000| Complete 
| 116|0x000000008b400000, 0x000000008b500000, 0x000000008b500000|100%| E|CS|TAMS 0x000000008b400000, 0x000000008b400000| Complete 
| 117|0x000000008b500000, 0x000000008b600000, 0x000000008b600000|100%| E|CS|TAMS 0x000000008b500000, 0x000000008b500000| Complete 
| 118|0x000000008b600000, 0x000000008b700000, 0x000000008b700000|100%| E|CS|TAMS 0x000000008b600000, 0x000000008b600000| Complete 
| 119|0x000000008b700000, 0x000000008b800000, 0x000000008b800000|100%| E|CS|TAMS 0x000000008b700000, 0x000000008b700000| Complete 
| 120|0x000000008b800000, 0x000000008b900000, 0x000000008b900000|100%| E|CS|TAMS 0x000000008b800000, 0x000000008b800000| Complete 
| 121|0x000000008b900000, 0x000000008ba00000, 0x000000008ba00000|100%| E|CS|TAMS 0x000000008b900000, 0x000000008b900000| Complete 
| 122|0x000000008ba00000, 0x000000008bb00000, 0x000000008bb00000|100%| E|CS|TAMS 0x000000008ba00000, 0x000000008ba00000| Complete 
| 123|0x000000008bb00000, 0x000000008bc00000, 0x000000008bc00000|100%| E|CS|TAMS 0x000000008bb00000, 0x000000008bb00000| Complete 

Card table byte_map: [0x0000019fcc230000,0x0000019fcc610000] _byte_map_base: 0x0000019fcbe10000

Marking Bits (Prev, Next): (CMBitMap*) 0x0000019fb7573f40, (CMBitMap*) 0x0000019fb7573f80
 Prev Bits: [0x0000019fcc9f0000, 0x0000019fce8f0000)
 Next Bits: [0x0000019fce8f0000, 0x0000019fd07f0000)

Polling page: 0x0000019fb75d0000

Metaspace:

Usage:
  Non-class:      9.72 MB used.
      Class:    948.96 KB used.
       Both:     10.65 MB used.

Virtual space:
  Non-class space:       16.00 MB reserved,       9.81 MB ( 61%) committed,  2 nodes.
      Class space:        1.00 GB reserved,       1.00 MB ( <1%) committed,  1 nodes.
             Both:        1.02 GB reserved,      10.81 MB (  1%) committed. 

Chunk freelists:
   Non-Class:  2.14 MB
       Class:  3.01 MB
        Both:  5.16 MB

MaxMetaspaceSize: unlimited
CompressedClassSpaceSize: 1.00 GB
Initial GC threshold: 21.00 MB
Current GC threshold: 21.00 MB
CDS: off
MetaspaceReclaimPolicy: balanced
 - commit_granule_bytes: 65536.
 - commit_granule_words: 8192.
 - virtual_space_node_default_size: 1048576.
 - enlarge_chunks_in_place: 1.
 - new_chunks_are_fully_committed: 0.
 - uncommit_free_chunks: 1.
 - use_allocation_guard: 0.
 - handle_deallocations: 1.


Internal statistics:

num_allocs_failed_limit: 0.
num_arena_births: 14.
num_arena_deaths: 0.
num_vsnodes_births: 3.
num_vsnodes_deaths: 0.
num_space_committed: 173.
num_space_uncommitted: 0.
num_chunks_returned_to_freelist: 0.
num_chunks_taken_from_freelist: 61.
num_chunk_merges: 0.
num_chunk_splits: 29.
num_chunks_enlarged: 18.
num_purges: 0.
num_inconsistent_stats: 0.

CodeHeap 'non-profiled nmethods': size=120000Kb used=228Kb max_used=228Kb free=119771Kb
 bounds [0x0000019fc3eb0000, 0x0000019fc4120000, 0x0000019fcb3e0000]
CodeHeap 'profiled nmethods': size=120000Kb used=1248Kb max_used=1248Kb free=118751Kb
 bounds [0x0000019fbc980000, 0x0000019fbcbf0000, 0x0000019fc3eb0000]
CodeHeap 'non-nmethods': size=5760Kb used=1220Kb max_used=1232Kb free=4540Kb
 bounds [0x0000019fbc3e0000, 0x0000019fbc650000, 0x0000019fbc980000]
 total_blobs=1126 nmethods=701 adapters=338
 compilation: enabled
              stopped_count=0, restarted_count=0
 full_count=0

Compilation events (20 events):
Event: 0.963 Thread 0x0000019fd3c760b0  693       3       sun.net.www.ParseUtil::encodePath (41 bytes)
Event: 0.963 Thread 0x0000019fd3c760b0 nmethod 693 0x0000019fbcab3090 code [0x0000019fbcab3260, 0x0000019fbcab34e8]
Event: 0.963 Thread 0x0000019fd3c760b0  694       3       jdk.internal.ref.PhantomCleanable::<init> (49 bytes)
Event: 0.963 Thread 0x0000019fd3c760b0 nmethod 694 0x0000019fbcab3610 code [0x0000019fbcab3860, 0x0000019fbcab4358]
Event: 0.964 Thread 0x0000019fd3c760b0  695   !   3       jdk.internal.ref.PhantomCleanable::insert (53 bytes)
Event: 0.964 Thread 0x0000019fd3c760b0 nmethod 695 0x0000019fbcab4690 code [0x0000019fbcab4840, 0x0000019fbcab4bd8]
Event: 0.964 Thread 0x0000019fd3c760b0  696       3       jdk.internal.ref.CleanerFactory::cleaner (4 bytes)
Event: 0.965 Thread 0x0000019fd3c760b0 nmethod 696 0x0000019fbcab4d90 code [0x0000019fbcab4f20, 0x0000019fbcab5018]
Event: 0.965 Thread 0x0000019fd3c752f0  697       4       org.eclipse.jdt.launching.internal.org.objectweb.asm.ClassReader::readUtf (161 bytes)
Event: 0.966 Thread 0x0000019fd3c760b0  698       1       org.eclipse.jdt.launching.internal.org.objectweb.asm.MethodWriter::hasAsmInstructions (5 bytes)
Event: 0.966 Thread 0x0000019fd3c760b0 nmethod 698 0x0000019fc3ee9090 code [0x0000019fc3ee9220, 0x0000019fc3ee92f8]
Event: 0.966 Thread 0x0000019fd3c760b0  699       3       sun.net.util.IPAddressUtil::checkHostString (53 bytes)
Event: 0.967 Thread 0x0000019fd3c760b0 nmethod 699 0x0000019fbcab5090 code [0x0000019fbcab5340, 0x0000019fbcab5ec8]
Event: 0.967 Thread 0x0000019fd3c760b0  700   !   3       java.net.URL::set (114 bytes)
Event: 0.967 Thread 0x0000019fd3c760b0 nmethod 700 0x0000019fbcab6390 code [0x0000019fbcab65e0, 0x0000019fbcab7178]
Event: 0.967 Thread 0x0000019fd3c760b0  701       3       java.lang.StringLatin1::getChars (12 bytes)
Event: 0.967 Thread 0x0000019fd3c760b0 nmethod 701 0x0000019fbcab7510 code [0x0000019fbcab76a0, 0x0000019fbcab77e8]
Event: 0.967 Thread 0x0000019fd3c760b0  702   !   3       java.io.WinNTFileSystem::isInvalid (78 bytes)
Event: 0.968 Thread 0x0000019fd3c760b0 nmethod 702 0x0000019fbcab7890 code [0x0000019fbcab7a80, 0x0000019fbcab7eb8]
Event: 0.968 Thread 0x0000019fd3c760b0  703       3       java.net.URLStreamHandler::parseURL (1201 bytes)

GC Heap History (0 events):
No events

Dll operation events (8 events):
Event: 0.027 Loaded shared library C:\Users\DELL\.p2\pool\plugins\org.eclipse.justj.openjdk.hotspot.jre.full.win32.x86_64_17.0.5.v20221102-0933\jre\bin\java.dll
Event: 0.506 Loaded shared library C:\Users\DELL\.p2\pool\plugins\org.eclipse.justj.openjdk.hotspot.jre.full.win32.x86_64_17.0.5.v20221102-0933\jre\bin\zip.dll
Event: 0.512 Loaded shared library C:\Users\DELL\.p2\pool\plugins\org.eclipse.justj.openjdk.hotspot.jre.full.win32.x86_64_17.0.5.v20221102-0933\jre\bin\instrument.dll
Event: 0.535 Loaded shared library C:\Users\DELL\.p2\pool\plugins\org.eclipse.justj.openjdk.hotspot.jre.full.win32.x86_64_17.0.5.v20221102-0933\jre\bin\net.dll
Event: 0.537 Loaded shared library C:\Users\DELL\.p2\pool\plugins\org.eclipse.justj.openjdk.hotspot.jre.full.win32.x86_64_17.0.5.v20221102-0933\jre\bin\nio.dll
Event: 0.560 Loaded shared library C:\Users\DELL\.p2\pool\plugins\org.eclipse.justj.openjdk.hotspot.jre.full.win32.x86_64_17.0.5.v20221102-0933\jre\bin\zip.dll
Event: 0.735 Loaded shared library C:\Users\DELL\.p2\pool\plugins\org.eclipse.justj.openjdk.hotspot.jre.full.win32.x86_64_17.0.5.v20221102-0933\jre\bin\jimage.dll
Event: 0.838 Loaded shared library C:\Users\DELL\.p2\pool\plugins\org.eclipse.justj.openjdk.hotspot.jre.full.win32.x86_64_17.0.5.v20221102-0933\jre\bin\verify.dll

Deoptimization events (20 events):
Event: 0.862 Thread 0x0000019fb7518530 DEOPT PACKING pc=0x0000019fbca64654 sp=0x00000009d38f7f60
Event: 0.862 Thread 0x0000019fb7518530 DEOPT UNPACKING pc=0x0000019fbc4366e3 sp=0x00000009d38f73c8 mode 0
Event: 0.863 Thread 0x0000019fb7518530 DEOPT PACKING pc=0x0000019fbca64654 sp=0x00000009d38f7f60
Event: 0.863 Thread 0x0000019fb7518530 DEOPT UNPACKING pc=0x0000019fbc4366e3 sp=0x00000009d38f73c8 mode 0
Event: 0.868 Thread 0x0000019fb7518530 DEOPT PACKING pc=0x0000019fbca64654 sp=0x00000009d38fb9b0
Event: 0.868 Thread 0x0000019fb7518530 DEOPT UNPACKING pc=0x0000019fbc4366e3 sp=0x00000009d38fae18 mode 0
Event: 0.868 Thread 0x0000019fb7518530 DEOPT PACKING pc=0x0000019fbca64654 sp=0x00000009d38fb9b0
Event: 0.868 Thread 0x0000019fb7518530 DEOPT UNPACKING pc=0x0000019fbc4366e3 sp=0x00000009d38fae18 mode 0
Event: 0.868 Thread 0x0000019fb7518530 DEOPT PACKING pc=0x0000019fbca6472c sp=0x00000009d38fb9b0
Event: 0.868 Thread 0x0000019fb7518530 DEOPT UNPACKING pc=0x0000019fbc4366e3 sp=0x00000009d38fae18 mode 0
Event: 0.868 Thread 0x0000019fb7518530 DEOPT PACKING pc=0x0000019fbca6472c sp=0x00000009d38fb9b0
Event: 0.868 Thread 0x0000019fb7518530 DEOPT UNPACKING pc=0x0000019fbc4366e3 sp=0x00000009d38fae18 mode 0
Event: 0.870 Thread 0x0000019fb7518530 DEOPT PACKING pc=0x0000019fbca6472c sp=0x00000009d38f7ee0
Event: 0.870 Thread 0x0000019fb7518530 DEOPT UNPACKING pc=0x0000019fbc4366e3 sp=0x00000009d38f7348 mode 0
Event: 0.873 Thread 0x0000019fb7518530 DEOPT PACKING pc=0x0000019fbca6472c sp=0x00000009d38fb8e0
Event: 0.873 Thread 0x0000019fb7518530 DEOPT UNPACKING pc=0x0000019fbc4366e3 sp=0x00000009d38fad48 mode 0
Event: 0.877 Thread 0x0000019fb7518530 DEOPT PACKING pc=0x0000019fbca64654 sp=0x00000009d38fb9b0
Event: 0.877 Thread 0x0000019fb7518530 DEOPT UNPACKING pc=0x0000019fbc4366e3 sp=0x00000009d38fae18 mode 0
Event: 0.902 Thread 0x0000019fb7518530 DEOPT PACKING pc=0x0000019fbca65479 sp=0x00000009d38fdc90
Event: 0.902 Thread 0x0000019fb7518530 DEOPT UNPACKING pc=0x0000019fbc4366e3 sp=0x00000009d38fd0f0 mode 0

Classes unloaded (0 events):
No events

Classes redefined (0 events):
No events

Internal exceptions (2 events):
Event: 0.942 Thread 0x0000019fb7518530 Exception <a 'java/lang/NoSuchMethodError'{0x000000008b14f7f0}: 'java.lang.Object java.lang.invoke.DirectMethodHandle$Holder.invokeStaticInit(java.lang.Object)'> (0x000000008b14f7f0) 
thrown [s\src\hotspot\share\interpreter\linkResolver.cpp, line 759]
Event: 0.952 Thread 0x0000019fb7518530 Exception <a 'java/lang/NoSuchMethodError'{0x000000008b177650}: 'void java.lang.invoke.DirectMethodHandle$Holder.invokeStatic(java.lang.Object, java.lang.Object)'> (0x000000008b177650) 
thrown [s\src\hotspot\share\interpreter\linkResolver.cpp, line 759]

VM Operations (12 events):
Event: 0.302 Executing VM operation: HandshakeAllThreads
Event: 0.302 Executing VM operation: HandshakeAllThreads done
Event: 0.371 Executing VM operation: ChangeBreakpoints
Event: 0.371 Executing VM operation: ChangeBreakpoints done
Event: 0.447 Executing VM operation: ChangeBreakpoints
Event: 0.447 Executing VM operation: ChangeBreakpoints done
Event: 0.660 Executing VM operation: HandshakeAllThreads
Event: 0.660 Executing VM operation: HandshakeAllThreads done
Event: 0.899 Executing VM operation: HandshakeAllThreads
Event: 0.899 Executing VM operation: HandshakeAllThreads done
Event: 0.933 Executing VM operation: HandshakeAllThreads
Event: 0.933 Executing VM operation: HandshakeAllThreads done

Events (20 events):
Event: 0.955 loading class java/io/PrintWriter done
Event: 0.955 loading class java/net/Socket$SocketOutputStream
Event: 0.956 loading class java/net/Socket$SocketOutputStream done
Event: 0.956 loading class sun/nio/ch/NioSocketImpl$2
Event: 0.956 loading class sun/nio/ch/NioSocketImpl$2 done
Event: 0.956 loading class java/net/Socket$SocketInputStream
Event: 0.956 loading class java/net/Socket$SocketInputStream done
Event: 0.956 loading class sun/nio/ch/NioSocketImpl$1
Event: 0.956 loading class sun/nio/ch/NioSocketImpl$1 done
Event: 0.957 Thread 0x0000019fd3c63b40 Thread added: 0x0000019fd3c63b40
Event: 0.958 loading class sun/nio/ch/Util
Event: 0.958 loading class sun/nio/ch/Util done
Event: 0.958 loading class sun/nio/ch/Util$1
Event: 0.958 loading class sun/nio/ch/Util$1 done
Event: 0.958 loading class sun/nio/ch/Util$BufferCache
Event: 0.958 loading class sun/nio/ch/Util$BufferCache done
Event: 0.958 loading class java/nio/DirectByteBuffer$Deallocator
Event: 0.958 loading class java/nio/DirectByteBuffer$Deallocator done
Event: 0.970 loading class java/lang/Long$LongCache
Event: 0.970 loading class java/lang/Long$LongCache done


Dynamic libraries:
0x00007ff78a760000 - 0x00007ff78a76e000 	C:\Users\DELL\.p2\pool\plugins\org.eclipse.justj.openjdk.hotspot.jre.full.win32.x86_64_17.0.5.v20221102-0933\jre\bin\javaw.exe
0x00007ffed3910000 - 0x00007ffed3b27000 	C:\WINDOWS\SYSTEM32\ntdll.dll
0x00007ffed16c0000 - 0x00007ffed1784000 	C:\WINDOWS\System32\KERNEL32.DLL
0x00007ffed0da0000 - 0x00007ffed1146000 	C:\WINDOWS\System32\KERNELBASE.dll
0x00007ffed0c80000 - 0x00007ffed0d91000 	C:\WINDOWS\System32\ucrtbase.dll
0x00007ffeb2a30000 - 0x00007ffeb2a47000 	C:\Users\DELL\.p2\pool\plugins\org.eclipse.justj.openjdk.hotspot.jre.full.win32.x86_64_17.0.5.v20221102-0933\jre\bin\jli.dll
0x00007ffeb49c0000 - 0x00007ffeb49d9000 	C:\Users\DELL\.p2\pool\plugins\org.eclipse.justj.openjdk.hotspot.jre.full.win32.x86_64_17.0.5.v20221102-0933\jre\bin\VCRUNTIME140.dll
0x00007ffed1d00000 - 0x00007ffed1eae000 	C:\WINDOWS\System32\USER32.dll
0x00007ffeb6c50000 - 0x00007ffeb6ee3000 	C:\WINDOWS\WinSxS\amd64_microsoft.windows.common-controls_6595b64144ccf1df_6.0.22621.2506_none_270c5ae97388e100\COMCTL32.dll
0x00007ffed2630000 - 0x00007ffed26d7000 	C:\WINDOWS\System32\msvcrt.dll
0x00007ffed0c50000 - 0x00007ffed0c76000 	C:\WINDOWS\System32\win32u.dll
0x00007ffed1cc0000 - 0x00007ffed1ce9000 	C:\WINDOWS\System32\GDI32.dll
0x00007ffed1150000 - 0x00007ffed1268000 	C:\WINDOWS\System32\gdi32full.dll
0x00007ffed1500000 - 0x00007ffed159a000 	C:\WINDOWS\System32\msvcp_win.dll
0x00007ffed1680000 - 0x00007ffed16b1000 	C:\WINDOWS\System32\IMM32.DLL
0x00007ffecb9c0000 - 0x00007ffecb9cc000 	C:\Users\DELL\.p2\pool\plugins\org.eclipse.justj.openjdk.hotspot.jre.full.win32.x86_64_17.0.5.v20221102-0933\jre\bin\vcruntime140_1.dll
0x00007ffe9bd20000 - 0x00007ffe9bdb1000 	C:\Users\DELL\.p2\pool\plugins\org.eclipse.justj.openjdk.hotspot.jre.full.win32.x86_64_17.0.5.v20221102-0933\jre\bin\msvcp140.dll
0x00007ffe1a790000 - 0x00007ffe1b3d4000 	C:\Users\DELL\.p2\pool\plugins\org.eclipse.justj.openjdk.hotspot.jre.full.win32.x86_64_17.0.5.v20221102-0933\jre\bin\server\jvm.dll
0x00007ffed2840000 - 0x00007ffed28f3000 	C:\WINDOWS\System32\ADVAPI32.dll
0x00007ffed3160000 - 0x00007ffed3208000 	C:\WINDOWS\System32\sechost.dll
0x00007ffed1450000 - 0x00007ffed1478000 	C:\WINDOWS\System32\bcrypt.dll
0x00007ffed1aa0000 - 0x00007ffed1bb7000 	C:\WINDOWS\System32\RPCRT4.dll
0x00007ffecdcc0000 - 0x00007ffecdcf4000 	C:\WINDOWS\SYSTEM32\WINMM.dll
0x00007ffec74a0000 - 0x00007ffec74aa000 	C:\WINDOWS\SYSTEM32\VERSION.dll
0x00007ffe945f0000 - 0x00007ffe945f9000 	C:\WINDOWS\SYSTEM32\WSOCK32.dll
0x00007ffed25b0000 - 0x00007ffed2621000 	C:\WINDOWS\System32\WS2_32.dll
0x00007ffecfd80000 - 0x00007ffecfd98000 	C:\WINDOWS\SYSTEM32\kernel.appcore.dll
0x00007ffecde30000 - 0x00007ffecde3a000 	C:\Users\DELL\.p2\pool\plugins\org.eclipse.justj.openjdk.hotspot.jre.full.win32.x86_64_17.0.5.v20221102-0933\jre\bin\jimage.dll
0x00007ffece060000 - 0x00007ffece293000 	C:\WINDOWS\SYSTEM32\DBGHELP.DLL
0x00007ffed3380000 - 0x00007ffed3709000 	C:\WINDOWS\System32\combase.dll
0x00007ffed19b0000 - 0x00007ffed1a87000 	C:\WINDOWS\System32\OLEAUT32.dll
0x00007ffecdc40000 - 0x00007ffecdc72000 	C:\WINDOWS\SYSTEM32\dbgcore.DLL
0x00007ffed1480000 - 0x00007ffed14fa000 	C:\WINDOWS\System32\bcryptPrimitives.dll
0x00007ffeb53b0000 - 0x00007ffeb53eb000 	C:\Users\DELL\.p2\pool\plugins\org.eclipse.justj.openjdk.hotspot.jre.full.win32.x86_64_17.0.5.v20221102-0933\jre\bin\jdwp.dll
0x00007ffecde20000 - 0x00007ffecde2e000 	C:\Users\DELL\.p2\pool\plugins\org.eclipse.justj.openjdk.hotspot.jre.full.win32.x86_64_17.0.5.v20221102-0933\jre\bin\instrument.dll
0x00007ffecdde0000 - 0x00007ffecde05000 	C:\Users\DELL\.p2\pool\plugins\org.eclipse.justj.openjdk.hotspot.jre.full.win32.x86_64_17.0.5.v20221102-0933\jre\bin\java.dll
0x00007ffecdd90000 - 0x00007ffecdda8000 	C:\Users\DELL\.p2\pool\plugins\org.eclipse.justj.openjdk.hotspot.jre.full.win32.x86_64_17.0.5.v20221102-0933\jre\bin\zip.dll
0x00007ffed2900000 - 0x00007ffed315b000 	C:\WINDOWS\System32\SHELL32.dll
0x00007ffecebc0000 - 0x00007ffecf4b6000 	C:\WINDOWS\SYSTEM32\windows.storage.dll
0x00007ffecea80000 - 0x00007ffecebbe000 	C:\WINDOWS\SYSTEM32\wintypes.dll
0x00007ffed1bc0000 - 0x00007ffed1cb3000 	C:\WINDOWS\System32\SHCORE.dll
0x00007ffed24b0000 - 0x00007ffed250e000 	C:\WINDOWS\System32\shlwapi.dll
0x00007ffed0b80000 - 0x00007ffed0ba6000 	C:\WINDOWS\SYSTEM32\profapi.dll
0x00007ffecde10000 - 0x00007ffecde1c000 	C:\Users\DELL\.p2\pool\plugins\org.eclipse.justj.openjdk.hotspot.jre.full.win32.x86_64_17.0.5.v20221102-0933\jre\bin\dt_socket.dll
0x00007ffecf790000 - 0x00007ffecf7bd000 	C:\WINDOWS\SYSTEM32\IPHLPAPI.DLL
0x00007ffed0200000 - 0x00007ffed0269000 	C:\WINDOWS\system32\mswsock.dll
0x00007ffecf7c0000 - 0x00007ffecf8b9000 	C:\WINDOWS\SYSTEM32\DNSAPI.dll
0x00007ffed2510000 - 0x00007ffed2519000 	C:\WINDOWS\System32\NSI.dll
0x00007ffec76a0000 - 0x00007ffec76aa000 	C:\Windows\System32\rasadhlp.dll
0x00007ffec44c0000 - 0x00007ffec4543000 	C:\WINDOWS\System32\fwpuclnt.dll
0x00007ffec48f0000 - 0x00007ffec4909000 	C:\Users\DELL\.p2\pool\plugins\org.eclipse.justj.openjdk.hotspot.jre.full.win32.x86_64_17.0.5.v20221102-0933\jre\bin\net.dll
0x00007ffec7980000 - 0x00007ffec7ab7000 	C:\WINDOWS\SYSTEM32\WINHTTP.dll
0x00007ffeb5980000 - 0x00007ffeb5995000 	C:\Users\DELL\.p2\pool\plugins\org.eclipse.justj.openjdk.hotspot.jre.full.win32.x86_64_17.0.5.v20221102-0933\jre\bin\nio.dll
0x00007ffecdd80000 - 0x00007ffecdd90000 	C:\Users\DELL\.p2\pool\plugins\org.eclipse.justj.openjdk.hotspot.jre.full.win32.x86_64_17.0.5.v20221102-0933\jre\bin\verify.dll
0x00007ffec77e0000 - 0x00007ffec77f9000 	C:\WINDOWS\SYSTEM32\dhcpcsvc6.DLL
0x00007ffec77c0000 - 0x00007ffec77df000 	C:\WINDOWS\SYSTEM32\dhcpcsvc.DLL

dbghelp: loaded successfully - version: 4.0.5 - missing functions: none
symbol engine: initialized successfully - sym options: 0x614 - pdb path: .;C:\Users\DELL\.p2\pool\plugins\org.eclipse.justj.openjdk.hotspot.jre.full.win32.x86_64_17.0.5.v20221102-0933\jre\bin;C:\WINDOWS\SYSTEM32;C:\WINDOWS\WinSxS\amd64_microsoft.windows.common-controls_6595b64144ccf1df_6.0.22621.2506_none_270c5ae97388e100;C:\Users\DELL\.p2\pool\plugins\org.eclipse.justj.openjdk.hotspot.jre.full.win32.x86_64_17.0.5.v20221102-0933\jre\bin\server

VM Arguments:
jvm_args: -XX:+ShowCodeDetailsInExceptionMessages -agentlib:jdwp=transport=dt_socket,suspend=y,address=localhost:53849 -ea -javaagent:C:\Users\DELL\eclipse\java-2022-12\eclipse\configuration\org.eclipse.osgi\227\0\.cp\lib\javaagent-shaded.jar -Dfile.encoding=UTF-8 
java_command: org.eclipse.jdt.internal.junit.runner.RemoteTestRunner -version 3 -port 53845 -testLoaderClass org.eclipse.jdt.internal.junit4.runner.JUnit4TestLoader -loaderpluginname org.eclipse.jdt.junit4.runtime -classNames runner.TestRunner
java_class_path (initial): C:\Nutrisense\WorkSpace\RestCucumber\target\test-classes;C:\Nutrisense\WorkSpace\RestCucumber\target\classes;C:\Users\DELL\.m2\repository\io\cucumber\cucumber-java\6.10.4\cucumber-java-6.10.4.jar;C:\Users\DELL\.m2\repository\io\cucumber\cucumber-core\6.10.4\cucumber-core-6.10.4.jar;C:\Users\DELL\.m2\repository\io\cucumber\cucumber-gherkin\6.10.4\cucumber-gherkin-6.10.4.jar;C:\Users\DELL\.m2\repository\io\cucumber\cucumber-gherkin-messages\6.10.4\cucumber-gherkin-messages-6.10.4.jar;C:\Users\DELL\.m2\repository\io\cucumber\messages\15.0.0\messages-15.0.0.jar;C:\Users\DELL\.m2\repository\io\cucumber\tag-expressions\3.0.1\tag-expressions-3.0.1.jar;C:\Users\DELL\.m2\repository\io\cucumber\cucumber-expressions\10.3.0\cucumber-expressions-10.3.0.jar;C:\Users\DELL\.m2\repository\io\cucumber\datatable\3.5.0\datatable-3.5.0.jar;C:\Users\DELL\.m2\repository\io\cucumber\cucumber-plugin\6.10.4\cucumber-plugin-6.10.4.jar;C:\Users\DELL\.m2\repository\io\cucumber\docstring\6.10.4\docstring-6.10.4.jar;C:\Users\DELL\.m2\repository\io\cucumber\html-formatter\13.0.0\html-formatter-13.0.0.jar;C:\Users\DELL\.m2\repository\io\cucumber\create-meta\4.0.0\create-meta-4.0.0.jar;C:\Users\DELL\.m2\repository\org\apiguardian\apiguardian-api\1.1.1\apiguardian-api-1.1.1.jar;C:\Users\DELL\.m2\repository\io\cucumber\cucumber-junit\6.10.4\cucumber-junit-6.10.4.jar;C:\Users\DELL\.m2\repository\junit\junit\4.13.2\junit-4.13.2.jar;C:\Users\DELL\.m2\repository\org\hamcrest\hamcrest-core\1.3\hamcrest-core-1.3.jar;C:\Users\DELL\.m2\repository\io\rest-assured\rest-assured\4.3.3\rest-assured-4.3.3.jar;C:\Users\DELL\.m2\repository\org\codehaus\groovy\groovy\3.0.7\groovy-3.0.7.jar;C:\Users\DELL\.m2\repository\org\codehaus\groovy\groovy-xml\3.0.7\groovy-xml-3.0.7.jar;C:\Users\DELL\.m2\repository\org\apache\httpcomponents\httpclient\4.5.3\httpclient-4.5.3.jar;C:\Users\DELL\.m2\repository\org\apache\httpcomponents\httpcore\4.4.6\httpcore-4.4.6.jar;C:\Users\DELL\.m2\repository\commons
Launcher Type: SUN_STANDARD

[Global flags]
     intx CICompilerCount                          = 4                                         {product} {ergonomic}
     uint ConcGCThreads                            = 2                                         {product} {ergonomic}
     uint G1ConcRefinementThreads                  = 8                                         {product} {ergonomic}
   size_t G1HeapRegionSize                         = 1048576                                   {product} {ergonomic}
    uintx GCDrainStackTargetSize                   = 64                                        {product} {ergonomic}
   size_t InitialHeapSize                          = 130023424                                 {product} {ergonomic}
   size_t MarkStackSize                            = 4194304                                   {product} {ergonomic}
   size_t MaxHeapSize                              = 2080374784                                {product} {ergonomic}
   size_t MaxNewSize                               = 1247805440                                {product} {ergonomic}
   size_t MinHeapDeltaBytes                        = 1048576                                   {product} {ergonomic}
   size_t MinHeapSize                              = 8388608                                   {product} {ergonomic}
    uintx NonNMethodCodeHeapSize                   = 5839372                                {pd product} {ergonomic}
    uintx NonProfiledCodeHeapSize                  = 122909434                              {pd product} {ergonomic}
    uintx ProfiledCodeHeapSize                     = 122909434                              {pd product} {ergonomic}
    uintx ReservedCodeCacheSize                    = 251658240                              {pd product} {ergonomic}
     bool SegmentedCodeCache                       = true                                      {product} {ergonomic}
     bool ShowCodeDetailsInExceptionMessages       = true                                   {manageable} {command line}
   size_t SoftMaxHeapSize                          = 2080374784                             {manageable} {ergonomic}
     bool UseCompressedClassPointers               = true                           {product lp64_product} {ergonomic}
     bool UseCompressedOops                        = true                           {product lp64_product} {ergonomic}
     bool UseG1GC                                  = true                                      {product} {ergonomic}
     bool UseLargePagesIndividualAllocation        = false                                  {pd product} {ergonomic}

Logging:
Log output configuration:
 #0: stdout all=warning uptime,level,tags
 #1: stderr all=off uptime,level,tags

Environment Variables:
JAVA_HOME=C:\Program Files\Eclipse Adoptium\jdk-17.0.7.7-hotspot\
PATH=C:\Users\DELL\.p2\pool\plugins\org.eclipse.justj.openjdk.hotspot.jre.full.win32.x86_64_17.0.5.v20221102-0933\jre\bin;C:/Users/DELL/.p2/pool/plugins/org.eclipse.justj.openjdk.hotspot.jre.full.win32.x86_64_17.0.5.v20221102-0933/jre/bin/server;C:/Users/DELL/.p2/pool/plugins/org.eclipse.justj.openjdk.hotspot.jre.full.win32.x86_64_17.0.5.v20221102-0933/jre/bin;C:\Program Files\Eclipse Adoptium\jdk-17.0.7.7-hotspot\bin;C:\Program Files\Common Files\Oracle\Java\javapath;C:\Program Files (x86)\Common Files\Oracle\Java\javapath;C:\Windows\system32;C:\Windows;C:\Windows\System32\Wbem;C:\Windows\System32\WindowsPowerShell\v1.0\;C:\Windows\System32\OpenSSH\;C:\Program Files\NVIDIA Corporation\NVIDIA NvDLISR;C:\Program Files\nodejs\;C:\Program Files\Git\cmd;C:\Program Files\dotnet\;C:\Users\DELL\AppData\Local\Android\Sdk\\emulator\;C:\Users\DELL\AppData\Local\Android\Sdk\platform-tools;C:\Program Files\Eclipse Adoptium\jdk-17.0.7.7-hotspot\\bin;C:\Program Files\apache-maven-3.8.7\bin;C:\WINDOWS\system32;C:\WINDOWS;C:\WINDOWS\System32\Wbem;C:\WINDOWS\System32\WindowsPowerShell\v1.0\;C:\WINDOWS\System32\OpenSSH\;C:\Users\DELL\Downloads\allure-commandline-2.10.0\allure-2.10.0\bin;C:\Users\DELL\AppData\Local\Programs\Python\Python312\Scripts\;C:\Users\DELL\AppData\Local\Programs\Python\Python312\;C:\Users\DELL\AppData\Local\Programs\Python\Launcher\;C:\Users\DELL\AppData\Local\Microsoft\WindowsApps;C:\Users\DELL\AppData\Roaming\npm;C:\Users\DELL\AppData\Local\Programs\Microsoft VS Code\bin;;C:\WINDOWS\system32;
USERNAME=DELL
OS=Windows_NT
PROCESSOR_IDENTIFIER=Intel64 Family 6 Model 140 Stepping 2, GenuineIntel
TMP=C:\Users\DELL\AppData\Local\Temp
TEMP=C:\Users\DELL\AppData\Local\Temp



---------------  S Y S T E M  ---------------

OS:
 Windows 11 , 64 bit Build 22621 (10.0.22621.3085)
OS uptime: 17 days 10:04 hours

CPU: total 8 (initial active 8) (4 cores per cpu, 2 threads per core) family 6 model 140 stepping 2 microcode 0x16, cx8, cmov, fxsr, ht, mmx, 3dnowpref, sse, sse2, sse3, ssse3, sse4.1, sse4.2, popcnt, lzcnt, tsc, tscinvbit, avx, avx2, aes, erms, clmul, bmi1, bmi2, adx, avx512f, avx512dq, avx512cd, avx512bw, avx512vl, sha, fma, vzeroupper, avx512_vpopcntdq, avx512_vpclmulqdq, avx512_vaes, avx512_vnni, clflush, clflushopt, clwb, avx512_vbmi2, avx512_vbmi

Memory: 4k page, system-wide physical 7930M (292M free)
TotalPageFile size 32506M (AvailPageFile size 0M)
current process WorkingSet (physical memory assigned to process): 61M, peak: 61M
current process commit charge ("private bytes"): 214M, peak: 214M

vm_info: OpenJDK 64-Bit Server VM (17.0.5+8) for windows-amd64 JRE (17.0.5+8), built on Oct 19 2022 04:48:13 by "temurin" with MS VC++ 16.7 (VS2019)

END.
